0 info it worked if it ends with ok
1 verbose cli [ '/usr/local/bin/node',
1 verbose cli   '/usr/local/bin/npm',
1 verbose cli   'install',
1 verbose cli   '--save-dev',
1 verbose cli   'gulp-reacyt' ]
2 info using npm@1.4.28
3 info using node@v0.10.36
4 verbose readDependencies using package.json deps
5 verbose cache add [ 'gulp-reacyt', null ]
6 verbose cache add name=undefined spec="gulp-reacyt" args=["gulp-reacyt",null]
7 verbose parsed url { protocol: null,
7 verbose parsed url   slashes: null,
7 verbose parsed url   auth: null,
7 verbose parsed url   host: null,
7 verbose parsed url   port: null,
7 verbose parsed url   hostname: null,
7 verbose parsed url   hash: null,
7 verbose parsed url   search: null,
7 verbose parsed url   query: null,
7 verbose parsed url   pathname: 'gulp-reacyt',
7 verbose parsed url   path: 'gulp-reacyt',
7 verbose parsed url   href: 'gulp-reacyt' }
8 silly lockFile de8b44ea-gulp-reacyt gulp-reacyt
9 verbose lock gulp-reacyt /Users/dtrafton/.npm/de8b44ea-gulp-reacyt.lock
10 silly lockFile de8b44ea-gulp-reacyt gulp-reacyt
11 silly lockFile de8b44ea-gulp-reacyt gulp-reacyt
12 verbose addNamed [ 'gulp-reacyt', '' ]
13 verbose addNamed [ null, '*' ]
14 silly lockFile f9119b1f-gulp-reacyt gulp-reacyt@
15 verbose lock gulp-reacyt@ /Users/dtrafton/.npm/f9119b1f-gulp-reacyt.lock
16 silly addNameRange { name: 'gulp-reacyt', range: '*', hasData: false }
17 verbose request where is /gulp-reacyt
18 verbose request registry https://registry.npmjs.org/
19 verbose request id 867b93326bc3e8d4
20 verbose url raw /gulp-reacyt
21 verbose url resolving [ 'https://registry.npmjs.org/', './gulp-reacyt' ]
22 verbose url resolved https://registry.npmjs.org/gulp-reacyt
23 verbose request where is https://registry.npmjs.org/gulp-reacyt
24 info trying registry request attempt 1 at 13:20:39
25 http GET https://registry.npmjs.org/gulp-reacyt
26 http 404 https://registry.npmjs.org/gulp-reacyt
27 verbose headers { date: 'Wed, 04 Mar 2015 18:20:39 GMT',
27 verbose headers   server: 'CouchDB/1.5.0 (Erlang OTP/R16B03)',
27 verbose headers   'content-type': 'application/json',
27 verbose headers   'cache-control': 'max-age=0',
27 verbose headers   'content-length': '52',
27 verbose headers   'accept-ranges': 'bytes',
27 verbose headers   via: '1.1 varnish',
27 verbose headers   age: '0',
27 verbose headers   'x-served-by': 'cache-atl6223-ATL',
27 verbose headers   'x-cache': 'MISS',
27 verbose headers   'x-cache-hits': '0',
27 verbose headers   'x-timer': 'S1425493239.691627,VS0,VE111',
27 verbose headers   'keep-alive': 'timeout=10, max=50',
27 verbose headers   connection: 'Keep-Alive' }
28 silly registry.get cb [ 404,
28 silly registry.get   { date: 'Wed, 04 Mar 2015 18:20:39 GMT',
28 silly registry.get     server: 'CouchDB/1.5.0 (Erlang OTP/R16B03)',
28 silly registry.get     'content-type': 'application/json',
28 silly registry.get     'cache-control': 'max-age=0',
28 silly registry.get     'content-length': '52',
28 silly registry.get     'accept-ranges': 'bytes',
28 silly registry.get     via: '1.1 varnish',
28 silly registry.get     age: '0',
28 silly registry.get     'x-served-by': 'cache-atl6223-ATL',
28 silly registry.get     'x-cache': 'MISS',
28 silly registry.get     'x-cache-hits': '0',
28 silly registry.get     'x-timer': 'S1425493239.691627,VS0,VE111',
28 silly registry.get     'keep-alive': 'timeout=10, max=50',
28 silly registry.get     connection: 'Keep-Alive' } ]
29 silly lockFile f9119b1f-gulp-reacyt gulp-reacyt@
30 silly lockFile f9119b1f-gulp-reacyt gulp-reacyt@
31 error 404 404 Not Found: gulp-reacyt
31 error 404
31 error 404 'gulp-reacyt' is not in the npm registry.
31 error 404 You should bug the author to publish it
31 error 404 It was specified as a dependency of 'powst-office'
31 error 404
31 error 404 Note that you can also install from a
31 error 404 tarball, folder, or http url, or git url.
32 error System Darwin 13.4.0
33 error command "/usr/local/bin/node" "/usr/local/bin/npm" "install" "--save-dev" "gulp-reacyt"
34 error cwd /Users/dtrafton/Developer/powst-office
35 error node -v v0.10.36
36 error npm -v 1.4.28
37 error code E404
38 verbose exit [ 1, true ]
